Sun Feb  4 00:54:27 2024       
+---------------------------------------------------------------------------------------+
| NVIDIA-SMI 535.104.05             Driver Version: 535.104.05   CUDA Version: 12.2     |
|-----------------------------------------+----------------------+----------------------+
| GPU  Name                 Persistence-M | Bus-Id        Disp.A | Volatile Uncorr. ECC |
| Fan  Temp   Perf          Pwr:Usage/Cap |         Memory-Usage | GPU-Util  Compute M. |
|                                         |                      |               MIG M. |
|=========================================+======================+======================|
|   0  NVIDIA A40                     Off | 00000000:02:00.0 Off |                    0 |
|  0%   31C    P0              21W / 300W |      4MiB / 46068MiB |      0%      Default |
|                                         |                      |                  N/A |
+-----------------------------------------+----------------------+----------------------+
                                                                                         
+---------------------------------------------------------------------------------------+
| Processes:                                                                            |
|  GPU   GI   CI        PID   Type   Process name                            GPU Memory |
|        ID   ID                                                             Usage      |
|=======================================================================================|
|  No running processes found                                                           |
+---------------------------------------------------------------------------------------+
 00:54:27 up 22 days, 15:12,  2 users,  load average: 0.27, 0.16, 0.14
wandb: Currently logged in as: marcochan616. Use `wandb login --relogin` to force relogin
wandb: Tracking run with wandb version 0.16.2
wandb: Run data is saved locally in /homes/mc620/Documents/Deep-Learning-CW1/wandb/run-20240204_005435-f7b9g4c3
wandb: Run `wandb offline` to turn off syncing.
wandb: Syncing run Double-Depth-Model
wandb: ⭐️ View project at https://wandb.ai/marcochan616/DL%20Coursework%201
wandb: 🚀 View run at https://wandb.ai/marcochan616/DL%20Coursework%201/runs/f7b9g4c3
cuda:0
Dataset Length: 
 Train: 17986, Validation: 1998, Test: 2000
Total number of parameters is: 23792068
Epoch: 0, Iteration 0, loss = 5.8892
Epoch: 0, Iteration 10, loss = 3.4595
Epoch: 0, Iteration 20, loss = 3.1069
Epoch: 0, Iteration 30, loss = 3.0662
Epoch: 0, Iteration 40, loss = 3.0140
Epoch: 0, Iteration 50, loss = 2.9986
Epoch: 0, Iteration 60, loss = 3.1319
Epoch: 0, Iteration 70, loss = 2.8694
Epoch: 0, Iteration 80, loss = 2.8484
Epoch: 0, Iteration 90, loss = 2.9686
Epoch: 0, Iteration 100, loss = 3.0133
Epoch: 0, Iteration 110, loss = 2.8990
Epoch: 0, Iteration 120, loss = 2.9878
Epoch: 0, Iteration 130, loss = 2.9197
Epoch: 0, Iteration 140, loss = 3.2050
Epoch: 0, Avg Train Loss: 3.0280, Avg Validation Loss: 2.8796
Got 284 / 1998 correct of val set (14.21)
